<html>
<head>
<title>TestNG:  Default test</title>
<link href="../testng.css" rel="stylesheet" type="text/css" />
<link href="../my-testng.css" rel="stylesheet" type="text/css" />

<style type="text/css">
.log { display: none;} 
.stack-trace { display: none;} 
</style>
<script type="text/javascript">
<!--
function flip(e) {
  current = e.style.display;
  if (current == 'block') {
    e.style.display = 'none';
    return 0;
  }
  else {
    e.style.display = 'block';
    return 1;
  }
}

function toggleBox(szDivId, elem, msg1, msg2)
{
  var res = -1;  if (document.getElementById) {
    res = flip(document.getElementById(szDivId));
  }
  else if (document.all) {
    // this is the way old msie versions work
    res = flip(document.all[szDivId]);
  }
  if(elem) {
    if(res == 0) elem.innerHTML = msg1; else elem.innerHTML = msg2;
  }

}

function toggleAllBoxes() {
  if (document.getElementsByTagName) {
    d = document.getElementsByTagName('div');
    for (i = 0; i < d.length; i++) {
      if (d[i].className == 'log') {
        flip(d[i]);
      }
    }
  }
}

// -->
</script>

</head>
<body>
<h2 align='center'>Default test</h2><table border='1' align="center">
<tr>
<td>Tests passed/Failed/Skipped:</td><td>11/1/0</td>
</tr><tr>
<td>Started on:</td><td>Sun Jul 21 15:55:04 IST 2024</td>
</tr>
<tr><td>Total time:</td><td>89 seconds (89036 ms)</td>
</tr><tr>
<td>Included groups:</td><td></td>
</tr><tr>
<td>Excluded groups:</td><td></td>
</tr>
</table><p/>
<small><i>(Hover the method name to see the test class name)</i></small><p/>
<table width='100%' border='1' class='invocation-failed'>
<tr><td colspan='4' align='center'><b>FAILED TESTS</b></td></tr>
<tr><td><b>Test method</b></td>
<td width="30%"><b>Exception</b></td>
<td width="10%"><b>Time (seconds)</b></td>
<td><b>Instance</b></td>
</tr>
<tr>
<td title='runner.TestRunner.runScenario()'><b>runScenario</b><br>Test class: runner.TestRunner<br>Test method: Runs Cucumber Scenarios<br>Parameters: "Verify and Validate the login functionality without entering any credentials", "Login Functionality"</td>
<td><div><pre>java.lang.NullPointerException: Cannot invoke &quot;Object.getClass()&quot; because &quot;exceptionDriver&quot; is null
	at org.openqa.selenium.support.ui.WebDriverWait.timeoutException(WebDriverWait.java:85)
	at org.openqa.selenium.support.ui.FluentWait.until(FluentWait.java:228)
	at utils.ElementsUtils.explicitWaitForVisibilityOfWebElements(ElementsUtils.java:43)
	at utils.ElementsUtils.fetchTextUsinggetText(ElementsUtils.java:102)
	at pages.MyAccountPage.editYourAccountInformationText(MyAccountPage.java:25)
	at stepdefinations.Login.user_should_able_to_log_into_the_app_successfully(Login.java:57)
	at ✽.user should able to log into the app successfully(file:///C:/Users/Rupesh/git/Rupeshkumar8792-Behaviour-Driven-Development-Cucumber-SeleniumJava-Framework/src/test/resources/features/Login.feature:36)
</pre></div><a href='#' onClick='toggleBox("stack-trace2027044202", this, "Click to show all stack frames", "Click to hide stack frames")'>Click to show all stack frames</a>
<div class='stack-trace' id='stack-trace2027044202'><pre>java.lang.NullPointerException: Cannot invoke &quot;Object.getClass()&quot; because &quot;exceptionDriver&quot; is null
	at org.openqa.selenium.support.ui.WebDriverWait.timeoutException(WebDriverWait.java:85)
	at org.openqa.selenium.support.ui.FluentWait.until(FluentWait.java:228)
	at utils.ElementsUtils.explicitWaitForVisibilityOfWebElements(ElementsUtils.java:43)
	at utils.ElementsUtils.fetchTextUsinggetText(ElementsUtils.java:102)
	at pages.MyAccountPage.editYourAccountInformationText(MyAccountPage.java:25)
	at stepdefinations.Login.user_should_able_to_log_into_the_app_successfully(Login.java:57)
	at ✽.user should able to log into the app successfully(file:///C:/Users/Rupesh/git/Rupeshkumar8792-Behaviour-Driven-Development-Cucumber-SeleniumJava-Framework/src/test/resources/features/Login.feature:36)
</pre></div></td>
<td>34</td>
<td>runner.TestRunner@2a798d51</td></tr>
</table><p>
<table width='100%' border='1' class='invocation-passed'>
<tr><td colspan='4' align='center'><b>PASSED TESTS</b></td></tr>
<tr><td><b>Test method</b></td>
<td width="30%"><b>Exception</b></td>
<td width="10%"><b>Time (seconds)</b></td>
<td><b>Instance</b></td>
</tr>
<tr>
<td title='runner.TestRunner.runScenario()'><b>runScenario</b><br>Test class: runner.TestRunner<br>Test method: Runs Cucumber Scenarios<br>Parameters: "Verify and Validate the login functionality with invalid email and valid password", "Login Functionality"</td>
<td></td>
<td>4</td>
<td>runner.TestRunner@2a798d51</td></tr>
<tr>
<td title='runner.TestRunner.runScenario()'><b>runScenario</b><br>Test class: runner.TestRunner<br>Test method: Runs Cucumber Scenarios<br>Parameters: "Verify and Validate the Registration functionality with mandatory details", "Registration Functionality"</td>
<td></td>
<td>5</td>
<td>runner.TestRunner@2a798d51</td></tr>
<tr>
<td title='runner.TestRunner.runScenario()'><b>runScenario</b><br>Test class: runner.TestRunner<br>Test method: Runs Cucumber Scenarios<br>Parameters: "Verify and Validate the login functionality with valid email and invalid password", "Login Functionality"</td>
<td></td>
<td>4</td>
<td>runner.TestRunner@2a798d51</td></tr>
<tr>
<td title='runner.TestRunner.runScenario()'><b>runScenario</b><br>Test class: runner.TestRunner<br>Test method: Runs Cucumber Scenarios<br>Parameters: "Verify and Validate the Registration functionality by entering duplicate detail", "Registration Functionality"</td>
<td></td>
<td>5</td>
<td>runner.TestRunner@2a798d51</td></tr>
<tr>
<td title='runner.TestRunner.runScenario()'><b>runScenario</b><br>Test class: runner.TestRunner<br>Test method: Runs Cucumber Scenarios<br>Parameters: "Verify and Validate the search functionality without entering any details", "Search Functionality"</td>
<td></td>
<td>2</td>
<td>runner.TestRunner@2a798d51</td></tr>
<tr>
<td title='runner.TestRunner.runScenario()'><b>runScenario</b><br>Test class: runner.TestRunner<br>Test method: Runs Cucumber Scenarios<br>Parameters: "Verify and Validate the registration functionality without entering any details", "Registration Functionality"</td>
<td></td>
<td>4</td>
<td>runner.TestRunner@2a798d51</td></tr>
<tr>
<td title='runner.TestRunner.runScenario()'><b>runScenario</b><br>Test class: runner.TestRunner<br>Test method: Runs Cucumber Scenarios<br>Parameters: "Verify and Validate the login functionality with valid credentials", "Login Functionality"</td>
<td></td>
<td>7</td>
<td>runner.TestRunner@2a798d51</td></tr>
<tr>
<td title='runner.TestRunner.runScenario()'><b>runScenario</b><br>Test class: runner.TestRunner<br>Test method: Runs Cucumber Scenarios<br>Parameters: "Verify and Validate the login functionality with invalid credentials", "Login Functionality"</td>
<td></td>
<td>4</td>
<td>runner.TestRunner@2a798d51</td></tr>
<tr>
<td title='runner.TestRunner.runScenario()'><b>runScenario</b><br>Test class: runner.TestRunner<br>Test method: Runs Cucumber Scenarios<br>Parameters: "Verify and Validate the Registration functionality with all details", "Registration Functionality"</td>
<td></td>
<td>5</td>
<td>runner.TestRunner@2a798d51</td></tr>
<tr>
<td title='runner.TestRunner.runScenario()'><b>runScenario</b><br>Test class: runner.TestRunner<br>Test method: Runs Cucumber Scenarios<br>Parameters: "Verify and Validate the search functionality with valid details", "Search Functionality"</td>
<td></td>
<td>3</td>
<td>runner.TestRunner@2a798d51</td></tr>
<tr>
<td title='runner.TestRunner.runScenario()'><b>runScenario</b><br>Test class: runner.TestRunner<br>Test method: Runs Cucumber Scenarios<br>Parameters: "Verify and Validate the search functionality with Invalid details", "Search Functionality"</td>
<td></td>
<td>2</td>
<td>runner.TestRunner@2a798d51</td></tr>
</table><p>
</body>
</html>